<?xml version="1.0" encoding="UTF-8"?>
<coverage generated="1630791471512" clover="3.2.0">
  <project timestamp="1630791471512" name="All files">
    <metrics statements="7" coveredstatements="7" conditionals="2" coveredconditionals="1" methods="6" coveredmethods="6" elements="15" coveredelements="14" complexity="0" loc="7" ncloc="7" packages="1" files="1" classes="1"/>
    <file name="practice.js" path="/Users/jackaitken/JS130/lesson_5/practice.js">
      <metrics statements="7" coveredstatements="7" conditionals="2" coveredconditionals="1" methods="6" coveredmethods="6"/>
      <line num="3" count="5" type="stmt"/>
      <line num="7" count="31" type="stmt"/>
      <line num="11" count="1" type="stmt"/>
      <line num="15" count="2" type="stmt"/>
      <line num="19" count="3" type="cond" truecount="1" falsecount="1"/>
      <line num="23" count="4" type="stmt"/>
      <line num="27" count="1" type="stmt"/>
    </file>
  </project>
</coverage>
